# JRE version: Java(TM) SE Runtime Environment (8.0_45-b15) (build 1.8.0_45-b15)
# Java VM: Java HotSpot(TM) 64-Bit Server VM (25.45-b02 mixed mode windows-amd64 compressed oops)
Heap:
 PSYoungGen      total 37376K, used 19859K [0x00000000d5f80000, 0x00000000d8980000, 0x0000000100000000)
  eden space 32256K, 47% used [0x00000000d5f80000,0x00000000d6e59cf8,0x00000000d7f00000)
  from space 5120K, 90% used [0x00000000d8480000,0x00000000d890b1f8,0x00000000d8980000)
  to   space 5120K, 0% used [0x00000000d7f80000,0x00000000d7f80000,0x00000000d8480000)
 ParOldGen       total 87552K, used 24820K [0x0000000081e00000, 0x0000000087380000, 0x00000000d5f80000)
  object space 87552K, 28% used [0x0000000081e00000,0x000000008363d1d0,0x0000000087380000)
 Metaspace       used 10838K, capacity 11148K, committed 11392K, reserved 1058816K
  class space    used 1300K, capacity 1358K, committed 1408K, reserved 1048576K
GC Heap History (10 events):
Event: 289.255 GC heap before
{Heap before GC invocations=2 (full 0):
 PSYoungGen      total 38400K, used 37940K [0x00000000d5f80000, 0x00000000d8a00000, 0x0000000100000000)
  eden space 33280K, 100% used [0x00000000d5f80000,0x00000000d8000000,0x00000000d8000000)
  from space 5120K, 91% used [0x00000000d8000000,0x00000000d848d1e8,0x00000000d8500000)
  to   space 5120K, 0% used [0x00000000d8500000,0x00000000d8500000,0x00000000d8a00000)
 ParOldGen       total 87552K, used 4960K [0x0000000081e00000, 0x0000000087380000, 0x00000000d5f80000)
  object space 87552K, 5% used [0x0000000081e00000,0x00000000822d8390,0x0000000087380000)
 Metaspace       used 10753K, capacity 11020K, committed 11136K, reserved 1058816K
  class space    used 1300K, capacity 1358K, committed 1408K, reserved 1048576K
Event: 289.266 GC heap after
Heap after GC invocations=2 (full 0):
 PSYoungGen      total 38400K, used 4564K [0x00000000d5f80000, 0x00000000d8a00000, 0x0000000100000000)
  eden space 33280K, 0% used [0x00000000d5f80000,0x00000000d5f80000,0x00000000d8000000)
  from space 5120K, 89% used [0x00000000d8500000,0x00000000d89751e8,0x00000000d8a00000)
  to   space 5120K, 0% used [0x00000000d8000000,0x00000000d8000000,0x00000000d8500000)
 ParOldGen       total 87552K, used 9929K [0x0000000081e00000, 0x0000000087380000, 0x00000000d5f80000)
  object space 87552K, 11% used [0x0000000081e00000,0x00000000827b2720,0x0000000087380000)
 Metaspace       used 10753K, capacity 11020K, committed 11136K, reserved 1058816K
  class space    used 1300K, capacity 1358K, committed 1408K, reserved 1048576K
}
Event: 481.355 GC heap before
{Heap before GC invocations=3 (full 0):
 PSYoungGen      total 38400K, used 37844K [0x00000000d5f80000, 0x00000000d8a00000, 0x0000000100000000)
  eden space 33280K, 100% used [0x00000000d5f80000,0x00000000d8000000,0x00000000d8000000)
  from space 5120K, 89% used [0x00000000d8500000,0x00000000d89751e8,0x00000000d8a00000)
  to   space 5120K, 0% used [0x00000000d8000000,0x00000000d8000000,0x00000000d8500000)
 ParOldGen       total 87552K, used 9929K [0x0000000081e00000, 0x0000000087380000, 0x00000000d5f80000)
  object space 87552K, 11% used [0x0000000081e00000,0x00000000827b2720,0x0000000087380000)
 Metaspace       used 10796K, capacity 11084K, committed 11136K, reserved 1058816K
  class space    used 1300K, capacity 1358K, committed 1408K, reserved 1048576K
Event: 481.361 GC heap after
Heap after GC invocations=3 (full 0):
 PSYoungGen      total 38400K, used 4580K [0x00000000d5f80000, 0x00000000d8a00000, 0x0000000100000000)
  eden space 33280K, 0% used [0x00000000d5f80000,0x00000000d5f80000,0x00000000d8000000)
  from space 5120K, 89% used [0x00000000d8000000,0x00000000d84791d8,0x00000000d8500000)
  to   space 5120K, 0% used [0x00000000d8500000,0x00000000d8500000,0x00000000d8a00000)
 ParOldGen       total 87552K, used 9937K [0x0000000081e00000, 0x0000000087380000, 0x00000000d5f80000)
  object space 87552K, 11% used [0x0000000081e00000,0x00000000827b4720,0x0000000087380000)
 Metaspace       used 10796K, capacity 11084K, committed 11136K, reserved 1058816K
  class space    used 1300K, capacity 1358K, committed 1408K, reserved 1048576K
}
Event: 672.448 GC heap before
{Heap before GC invocations=4 (full 0):
 PSYoungGen      total 38400K, used 37860K [0x00000000d5f80000, 0x00000000d8a00000, 0x0000000100000000)
  eden space 33280K, 100% used [0x00000000d5f80000,0x00000000d8000000,0x00000000d8000000)
  from space 5120K, 89% used [0x00000000d8000000,0x00000000d84791d8,0x00000000d8500000)
  to   space 5120K, 0% used [0x00000000d8500000,0x00000000d8500000,0x00000000d8a00000)
 ParOldGen       total 87552K, used 9937K [0x0000000081e00000, 0x0000000087380000, 0x00000000d5f80000)
  object space 87552K, 11% used [0x0000000081e00000,0x00000000827b4720,0x0000000087380000)
 Metaspace       used 10834K, capacity 11084K, committed 11136K, reserved 1058816K
  class space    used 1300K, capacity 1358K, committed 1408K, reserved 1048576K
Event: 672.450 GC heap after
Heap after GC invocations=4 (full 0):
 PSYoungGen      total 38400K, used 4564K [0x00000000d5f80000, 0x00000000d8a00000, 0x0000000100000000)
  eden space 33280K, 0% used [0x00000000d5f80000,0x00000000d5f80000,0x00000000d8000000)
  from space 5120K, 89% used [0x00000000d8500000,0x00000000d89751e8,0x00000000d8a00000)
  to   space 5120K, 0% used [0x00000000d8000000,0x00000000d8000000,0x00000000d8500000)
 ParOldGen       total 87552K, used 14898K [0x0000000081e00000, 0x0000000087380000, 0x00000000d5f80000)
  object space 87552K, 17% used [0x0000000081e00000,0x0000000082c8cab0,0x0000000087380000)
 Metaspace       used 10834K, capacity 11084K, committed 11136K, reserved 1058816K
  class space    used 1300K, capacity 1358K, committed 1408K, reserved 1048576K
}
Event: 854.548 GC heap before
{Heap before GC invocations=5 (full 0):
 PSYoungGen      total 38400K, used 37844K [0x00000000d5f80000, 0x00000000d8a00000, 0x0000000100000000)
  eden space 33280K, 100% used [0x00000000d5f80000,0x00000000d8000000,0x00000000d8000000)
  from space 5120K, 89% used [0x00000000d8500000,0x00000000d89751e8,0x00000000d8a00000)
  to   space 5120K, 0% used [0x00000000d8000000,0x00000000d8000000,0x00000000d8500000)
 ParOldGen       total 87552K, used 14898K [0x0000000081e00000, 0x0000000087380000, 0x00000000d5f80000)
  object space 87552K, 17% used [0x0000000081e00000,0x0000000082c8cab0,0x0000000087380000)
 Metaspace       used 10838K, capacity 11148K, committed 11392K, reserved 1058816K
  class space    used 1300K, capacity 1358K, committed 1408K, reserved 1048576K
Event: 854.557 GC heap after
Heap after GC invocations=5 (full 0):
 PSYoungGen      total 37376K, used 4596K [0x00000000d5f80000, 0x00000000d8980000, 0x0000000100000000)
  eden space 32768K, 0% used [0x00000000d5f80000,0x00000000d5f80000,0x00000000d7f80000)
  from space 4608K, 99% used [0x00000000d8000000,0x00000000d847d1e8,0x00000000d8480000)
  to   space 5120K, 0% used [0x00000000d8480000,0x00000000d8480000,0x00000000d8980000)
 ParOldGen       total 87552K, used 19859K [0x0000000081e00000, 0x0000000087380000, 0x00000000d5f80000)
  object space 87552K, 22% used [0x0000000081e00000,0x0000000083164e40,0x0000000087380000)
 Metaspace       used 10838K, capacity 11148K, committed 11392K, reserved 1058816K
  class space    used 1300K, capacity 1358K, committed 1408K, reserved 1048576K
}
Event: 997.620 GC heap before
{Heap before GC invocations=6 (full 0):
 PSYoungGen      total 37376K, used 37364K [0x00000000d5f80000, 0x00000000d8980000, 0x0000000100000000)
  eden space 32768K, 100% used [0x00000000d5f80000,0x00000000d7f80000,0x00000000d7f80000)
  from space 4608K, 99% used [0x00000000d8000000,0x00000000d847d1e8,0x00000000d8480000)
  to   space 5120K, 0% used [0x00000000d8480000,0x00000000d8480000,0x00000000d8980000)
 ParOldGen       total 87552K, used 19859K [0x0000000081e00000, 0x0000000087380000, 0x00000000d5f80000)
  object space 87552K, 22% used [0x0000000081e00000,0x0000000083164e40,0x0000000087380000)
 Metaspace       used 10838K, capacity 11148K, committed 11392K, reserved 1058816K
  class space    used 1300K, capacity 1358K, committed 1408K, reserved 1048576K
Event: 997.630 GC heap after
Heap after GC invocations=6 (full 0):
 PSYoungGen      total 37376K, used 4652K [0x00000000d5f80000, 0x00000000d8980000, 0x0000000100000000)
  eden space 32256K, 0% used [0x00000000d5f80000,0x00000000d5f80000,0x00000000d7f00000)
  from space 5120K, 90% used [0x00000000d8480000,0x00000000d890b1f8,0x00000000d8980000)
  to   space 5120K, 0% used [0x00000000d7f80000,0x00000000d7f80000,0x00000000d8480000)
 ParOldGen       total 87552K, used 24820K [0x0000000081e00000, 0x0000000087380000, 0x00000000d5f80000)
  object space 87552K, 28% used [0x0000000081e00000,0x000000008363d1d0,0x0000000087380000)
 Metaspace       used 10838K, capacity 11148K, committed 11392K, reserved 1058816K
  class space    used 1300K, capacity 1358K, committed 1408K, reserved 1048576K
}

