# JRE version: Java(TM) SE Runtime Environment (8.0_45-b15) (build 1.8.0_45-b15)
# Java VM: Java HotSpot(TM) 64-Bit Server VM (25.45-b02 mixed mode windows-amd64 compressed oops)
Heap:
 PSYoungGen      total 37376K, used 28192K [0x00000000d5f80000, 0x00000000d8980000, 0x0000000100000000)
  eden space 32768K, 72% used [0x00000000d5f80000,0x00000000d768ae50,0x00000000d7f80000)
  from space 4608K, 99% used [0x00000000d8000000,0x00000000d847d1e8,0x00000000d8480000)
  to   space 5120K, 0% used [0x00000000d8480000,0x00000000d8480000,0x00000000d8980000)
 ParOldGen       total 87552K, used 19859K [0x0000000081e00000, 0x0000000087380000, 0x00000000d5f80000)
  object space 87552K, 22% used [0x0000000081e00000,0x0000000083164e40,0x0000000087380000)
 Metaspace       used 10840K, capacity 11148K, committed 11392K, reserved 1058816K
  class space    used 1300K, capacity 1358K, committed 1408K, reserved 1048576K
GC Heap History (10 events):
Event: 62.668 GC heap before
{Heap before GC invocations=1 (full 0):
 PSYoungGen      total 38400K, used 33280K [0x00000000d5f80000, 0x00000000d8a00000, 0x0000000100000000)
  eden space 33280K, 100% used [0x00000000d5f80000,0x00000000d8000000,0x00000000d8000000)
  from space 5120K, 0% used [0x00000000d8500000,0x00000000d8500000,0x00000000d8a00000)
  to   space 5120K, 0% used [0x00000000d8000000,0x00000000d8000000,0x00000000d8500000)
 ParOldGen       total 87552K, used 0K [0x0000000081e00000, 0x0000000087380000, 0x00000000d5f80000)
  object space 87552K, 0% used [0x0000000081e00000,0x0000000081e00000,0x0000000087380000)
 Metaspace       used 10576K, capacity 10764K, committed 10880K, reserved 1058816K
  class space    used 1300K, capacity 1358K, committed 1408K, reserved 1048576K
Event: 62.671 GC heap after
Heap after GC invocations=1 (full 0):
 PSYoungGen      total 38400K, used 4612K [0x00000000d5f80000, 0x00000000d8a00000, 0x0000000100000000)
  eden space 33280K, 0% used [0x00000000d5f80000,0x00000000d5f80000,0x00000000d8000000)
  from space 5120K, 90% used [0x00000000d8000000,0x00000000d84811f8,0x00000000d8500000)
  to   space 5120K, 0% used [0x00000000d8500000,0x00000000d8500000,0x00000000d8a00000)
 ParOldGen       total 87552K, used 4968K [0x0000000081e00000, 0x0000000087380000, 0x00000000d5f80000)
  object space 87552K, 5% used [0x0000000081e00000,0x00000000822da390,0x0000000087380000)
 Metaspace       used 10576K, capacity 10764K, committed 10880K, reserved 1058816K
  class space    used 1300K, capacity 1358K, committed 1408K, reserved 1048576K
}
Event: 273.768 GC heap before
{Heap before GC invocations=2 (full 0):
 PSYoungGen      total 38400K, used 37892K [0x00000000d5f80000, 0x00000000d8a00000, 0x0000000100000000)
  eden space 33280K, 100% used [0x00000000d5f80000,0x00000000d8000000,0x00000000d8000000)
  from space 5120K, 90% used [0x00000000d8000000,0x00000000d84811f8,0x00000000d8500000)
  to   space 5120K, 0% used [0x00000000d8500000,0x00000000d8500000,0x00000000d8a00000)
 ParOldGen       total 87552K, used 4968K [0x0000000081e00000, 0x0000000087380000, 0x00000000d5f80000)
  object space 87552K, 5% used [0x0000000081e00000,0x00000000822da390,0x0000000087380000)
 Metaspace       used 10761K, capacity 11020K, committed 11136K, reserved 1058816K
  class space    used 1300K, capacity 1358K, committed 1408K, reserved 1048576K
Event: 273.779 GC heap after
Heap after GC invocations=2 (full 0):
 PSYoungGen      total 38400K, used 4580K [0x00000000d5f80000, 0x00000000d8a00000, 0x0000000100000000)
  eden space 33280K, 0% used [0x00000000d5f80000,0x00000000d5f80000,0x00000000d8000000)
  from space 5120K, 89% used [0x00000000d8500000,0x00000000d89791d8,0x00000000d8a00000)
  to   space 5120K, 0% used [0x00000000d8000000,0x00000000d8000000,0x00000000d8500000)
 ParOldGen       total 87552K, used 9929K [0x0000000081e00000, 0x0000000087380000, 0x00000000d5f80000)
  object space 87552K, 11% used [0x0000000081e00000,0x00000000827b2720,0x0000000087380000)
 Metaspace       used 10761K, capacity 11020K, committed 11136K, reserved 1058816K
  class space    used 1300K, capacity 1358K, committed 1408K, reserved 1048576K
}
Event: 470.861 GC heap before
{Heap before GC invocations=3 (full 0):
 PSYoungGen      total 38400K, used 37860K [0x00000000d5f80000, 0x00000000d8a00000, 0x0000000100000000)
  eden space 33280K, 100% used [0x00000000d5f80000,0x00000000d8000000,0x00000000d8000000)
  from space 5120K, 89% used [0x00000000d8500000,0x00000000d89791d8,0x00000000d8a00000)
  to   space 5120K, 0% used [0x00000000d8000000,0x00000000d8000000,0x00000000d8500000)
 ParOldGen       total 87552K, used 9929K [0x0000000081e00000, 0x0000000087380000, 0x00000000d5f80000)
  object space 87552K, 11% used [0x0000000081e00000,0x00000000827b2720,0x0000000087380000)
 Metaspace       used 10798K, capacity 11084K, committed 11136K, reserved 1058816K
  class space    used 1300K, capacity 1358K, committed 1408K, reserved 1048576K
Event: 470.873 GC heap after
Heap after GC invocations=3 (full 0):
 PSYoungGen      total 38400K, used 4548K [0x00000000d5f80000, 0x00000000d8a00000, 0x0000000100000000)
  eden space 33280K, 0% used [0x00000000d5f80000,0x00000000d5f80000,0x00000000d8000000)
  from space 5120K, 88% used [0x00000000d8000000,0x00000000d84711d8,0x00000000d8500000)
  to   space 5120K, 0% used [0x00000000d8500000,0x00000000d8500000,0x00000000d8a00000)
 ParOldGen       total 87552K, used 14890K [0x0000000081e00000, 0x0000000087380000, 0x00000000d5f80000)
  object space 87552K, 17% used [0x0000000081e00000,0x0000000082c8aab0,0x0000000087380000)
 Metaspace       used 10798K, capacity 11084K, committed 11136K, reserved 1058816K
  class space    used 1300K, capacity 1358K, committed 1408K, reserved 1048576K
}
Event: 612.933 GC heap before
{Heap before GC invocations=4 (full 0):
 PSYoungGen      total 38400K, used 37828K [0x00000000d5f80000, 0x00000000d8a00000, 0x0000000100000000)
  eden space 33280K, 100% used [0x00000000d5f80000,0x00000000d8000000,0x00000000d8000000)
  from space 5120K, 88% used [0x00000000d8000000,0x00000000d84711d8,0x00000000d8500000)
  to   space 5120K, 0% used [0x00000000d8500000,0x00000000d8500000,0x00000000d8a00000)
 ParOldGen       total 87552K, used 14890K [0x0000000081e00000, 0x0000000087380000, 0x00000000d5f80000)
  object space 87552K, 17% used [0x0000000081e00000,0x0000000082c8aab0,0x0000000087380000)
 Metaspace       used 10835K, capacity 11084K, committed 11136K, reserved 1058816K
  class space    used 1300K, capacity 1358K, committed 1408K, reserved 1048576K
Event: 612.939 GC heap after
Heap after GC invocations=4 (full 0):
 PSYoungGen      total 38400K, used 4612K [0x00000000d5f80000, 0x00000000d8a00000, 0x0000000100000000)
  eden space 33280K, 0% used [0x00000000d5f80000,0x00000000d5f80000,0x00000000d8000000)
  from space 5120K, 90% used [0x00000000d8500000,0x00000000d89811d8,0x00000000d8a00000)
  to   space 5120K, 0% used [0x00000000d8000000,0x00000000d8000000,0x00000000d8500000)
 ParOldGen       total 87552K, used 14898K [0x0000000081e00000, 0x0000000087380000, 0x00000000d5f80000)
  object space 87552K, 17% used [0x0000000081e00000,0x0000000082c8cab0,0x0000000087380000)
 Metaspace       used 10835K, capacity 11084K, committed 11136K, reserved 1058816K
  class space    used 1300K, capacity 1358K, committed 1408K, reserved 1048576K
}
Event: 796.026 GC heap before
{Heap before GC invocations=5 (full 0):
 PSYoungGen      total 38400K, used 37892K [0x00000000d5f80000, 0x00000000d8a00000, 0x0000000100000000)
  eden space 33280K, 100% used [0x00000000d5f80000,0x00000000d8000000,0x00000000d8000000)
  from space 5120K, 90% used [0x00000000d8500000,0x00000000d89811d8,0x00000000d8a00000)
  to   space 5120K, 0% used [0x00000000d8000000,0x00000000d8000000,0x00000000d8500000)
 ParOldGen       total 87552K, used 14898K [0x0000000081e00000, 0x0000000087380000, 0x00000000d5f80000)
  object space 87552K, 17% used [0x0000000081e00000,0x0000000082c8cab0,0x0000000087380000)
 Metaspace       used 10837K, capacity 11148K, committed 11392K, reserved 1058816K
  class space    used 1300K, capacity 1358K, committed 1408K, reserved 1048576K
Event: 796.035 GC heap after
Heap after GC invocations=5 (full 0):
 PSYoungGen      total 37376K, used 4596K [0x00000000d5f80000, 0x00000000d8980000, 0x0000000100000000)
  eden space 32768K, 0% used [0x00000000d5f80000,0x00000000d5f80000,0x00000000d7f80000)
  from space 4608K, 99% used [0x00000000d8000000,0x00000000d847d1e8,0x00000000d8480000)
  to   space 5120K, 0% used [0x00000000d8480000,0x00000000d8480000,0x00000000d8980000)
 ParOldGen       total 87552K, used 19859K [0x0000000081e00000, 0x0000000087380000, 0x00000000d5f80000)
  object space 87552K, 22% used [0x0000000081e00000,0x0000000083164e40,0x0000000087380000)
 Metaspace       used 10837K, capacity 11148K, committed 11392K, reserved 1058816K
  class space    used 1300K, capacity 1358K, committed 1408K, reserved 1048576K
}

